2018-09-17 09:42:14 [127.0.0.1][-][-][error][yii\web\HttpException:404] yii\base\InvalidRouteException: Unable to resolve the request "login/index". in /Applications/XAMPP/xamppfiles/htdocs/ytcrm/vendor/yiisoft/yii2/base/Module.php:537
Stack trace:
#0 /Applications/XAMPP/xamppfiles/htdocs/ytcrm/vendor/yiisoft/yii2/web/Application.php(103): yii\base\Module->runAction('login/index', Array)
#1 /Applications/XAMPP/xamppfiles/htdocs/ytcrm/vendor/yiisoft/yii2/base/Application.php(386): yii\web\Application->handleRequest(Object(yii\web\Request))
#2 /Applications/XAMPP/xamppfiles/htdocs/ytcrm/frontend/web/api_backend.php(18): yii\base\Application->run()
#3 {main}

Next yii\web\NotFoundHttpException: 页面未找到。 in /Applications/XAMPP/xamppfiles/htdocs/ytcrm/vendor/yiisoft/yii2/web/Application.php:115
Stack trace:
#0 /Applications/XAMPP/xamppfiles/htdocs/ytcrm/vendor/yiisoft/yii2/base/Application.php(386): yii\web\Application->handleRequest(Object(yii\web\Request))
#1 /Applications/XAMPP/xamppfiles/htdocs/ytcrm/frontend/web/api_backend.php(18): yii\base\Application->run()
#2 {main}
2018-09-17 09:42:14 [127.0.0.1][-][-][info][application] $_GET = [
    'r' => 'login/index'
]

$_POST = []

$_FILES = []

$_COOKIE = [
    'advanced-api_backend' => 'f4c48358da7bd1771de3e716ad410dd1'
]

$_SESSION = [
    '__flash' => []
]

$_SERVER = [
    'UNIQUE_ID' => 'W58GdjL8@IuKzc89AYPjgQAAAAM'
    'HTTP_HOST' => 'crm.cn'
    'HTTP_CONNECTION' => 'keep-alive'
    'HTTP_UPGRADE_INSECURE_REQUESTS' => '1'
    'HTTP_USER_AGENT' => 'Mozilla/5.0 (Macintosh; Intel Mac OS X 10_13_6) AppleWebKit/537.36 (KHTML, like Gecko) Chrome/71.0.3551.3 Safari/537.36'
    'HTTP_ACCEPT' => 'text/html,application/xhtml+xml,application/xml;q=0.9,image/webp,image/apng,*/*;q=0.8'
    'HTTP_ACCEPT_ENCODING' => 'gzip, deflate'
    'HTTP_ACCEPT_LANGUAGE' => 'zh-CN,zh;q=0.9'
    'HTTP_COOKIE' => 'advanced-api_backend=f4c48358da7bd1771de3e716ad410dd1'
    'PATH' => '/usr/bin:/bin:/usr/sbin:/sbin'
    'DYLD_LIBRARY_PATH' => '/Applications/XAMPP/xamppfiles/lib'
    'SERVER_SIGNATURE' => ''
    'SERVER_SOFTWARE' => 'Apache/2.4.33 (Unix) OpenSSL/1.0.2o PHP/7.2.7 mod_perl/2.0.8-dev Perl/v5.16.3'
    'SERVER_NAME' => 'crm.cn'
    'SERVER_ADDR' => '127.0.0.1'
    'SERVER_PORT' => '80'
    'REMOTE_ADDR' => '127.0.0.1'
    'DOCUMENT_ROOT' => '/Applications/XAMPP/xamppfiles/htdocs/ytcrm/frontend/web'
    'REQUEST_SCHEME' => 'http'
    'CONTEXT_PREFIX' => ''
    'CONTEXT_DOCUMENT_ROOT' => '/Applications/XAMPP/xamppfiles/htdocs/ytcrm/frontend/web'
    'SERVER_ADMIN' => 'you@example.com'
    'SCRIPT_FILENAME' => '/Applications/XAMPP/xamppfiles/htdocs/ytcrm/frontend/web/api_backend.php'
    'REMOTE_PORT' => '53248'
    'GATEWAY_INTERFACE' => 'CGI/1.1'
    'SERVER_PROTOCOL' => 'HTTP/1.1'
    'REQUEST_METHOD' => 'GET'
    'QUERY_STRING' => 'r=login%2Findex'
    'REQUEST_URI' => '/api_backend.php?r=login%2Findex'
    'SCRIPT_NAME' => '/api_backend.php'
    'PHP_SELF' => '/api_backend.php'
    'REQUEST_TIME_FLOAT' => 1537148534.354
    'REQUEST_TIME' => 1537148534
]
